<?xml version="1.0" encoding="UTF-8"?>
<!-- Generated by org.testng.reporters.JUnitReportReporter -->
<testsuite hostname="ICS-LT-BF2T2F3" failures="0" tests="1" name="testCases.TC001_Register" time="2.054" errors="0" timestamp="2024-08-22T16:22:22 IST" skipped="0">
  <testcase classname="testCases.TC001_Register" name="Verify_Registration" time="2.054"/>
  <system-out/>
</testsuite> <!-- testCases.TC001_Register -->
